2025-04-19 10:55:55,913 - EnhancedWordHandler - INFO - Document opened: C:\Users\HP\OneDrive\Desktop\Movies.docx
2025-04-19 10:55:55,917 - EnhancedWordHandler - INFO - Movie table found at index 2
2025-04-19 10:55:55,918 - EnhancedWordHandler - INFO - Series table found at index 1
2025-04-19 10:55:55,953 - EnhancedWordHandler - ERROR - Error adding movie: tuple index out of range
2025-04-19 10:55:55,957 - EnhancedWordHandler - ERROR - Traceback (most recent call last):
  File "C:\Users\HP\OneDrive\Desktop\hotkeys\redesigned_ui\enhanced_word_handler.py", line 309, in add_movie
    self._set_cell_value(row.cells[MOVIE_COLUMNS["NO"]], str(next_num), align=WD_ALIGN_PARAGRAPH.CENTER)
                         ~~~~~~~~~^^^^^^^^^^^^^^^^^^^^^
IndexError: tuple index out of range

2025-04-19 10:55:55,959 - EnhancedWordHandler - INFO - Document closed
2025-04-19 10:55:55,999 - EnhancedWordHandler - INFO - Document opened: C:\Users\HP\OneDrive\Desktop\Movies.docx
2025-04-19 10:55:56,001 - EnhancedWordHandler - INFO - Movie table found at index 2
2025-04-19 10:55:56,003 - EnhancedWordHandler - INFO - Series table found at index 1
2025-04-19 10:55:56,286 - EnhancedWordHandler - INFO - Added series: Breaking Bad
2025-04-19 10:55:56,330 - EnhancedWordHandler - INFO - Backup created at: C:\Users\HP\OneDrive\Desktop\Movies_backup_20250419_105556.docx
2025-04-19 10:55:56,331 - EnhancedWordHandler - ERROR - Error saving document: [Errno 13] Permission denied: 'C:\\Users\\HP\\OneDrive\\Desktop\\Movies.docx'
2025-04-19 10:55:56,345 - EnhancedWordHandler - ERROR - Traceback (most recent call last):
  File "C:\Users\HP\OneDrive\Desktop\hotkeys\redesigned_ui\enhanced_word_handler.py", line 143, in save_document
    self.document.save(self.doc_path)
    ~~~~~~~~~~~~~~~~~~^^^^^^^^^^^^^^^
  File "C:\Users\HP\AppData\Local\Packages\PythonSoftwareFoundation.Python.3.13_qbz5n2kfra8p0\LocalCache\local-packages\Python313\site-packages\docx\document.py", line 135, in save
    self._part.save(path_or_stream)
    ~~~~~~~~~~~~~~~^^^^^^^^^^^^^^^^
  File "C:\Users\HP\AppData\Local\Packages\PythonSoftwareFoundation.Python.3.13_qbz5n2kfra8p0\LocalCache\local-packages\Python313\site-packages\docx\parts\document.py", line 111, in save
    self.package.save(path_or_stream)
    ~~~~~~~~~~~~~~~~~^^^^^^^^^^^^^^^^
  File "C:\Users\HP\AppData\Local\Packages\PythonSoftwareFoundation.Python.3.13_qbz5n2kfra8p0\LocalCache\local-packages\Python313\site-packages\docx\opc\package.py", line 172, in save
    PackageWriter.write(pkg_file, self.rels, self.parts)
    ~~~~~~~~~~~~~~~~~~~^^^^^^^^^^^^^^^^^^^^^^^^^^^^^^^^^
  File "C:\Users\HP\AppData\Local\Packages\PythonSoftwareFoundation.Python.3.13_qbz5n2kfra8p0\LocalCache\local-packages\Python313\site-packages\docx\opc\pkgwriter.py", line 32, in write
    phys_writer = PhysPkgWriter(pkg_file)
  File "C:\Users\HP\AppData\Local\Packages\PythonSoftwareFoundation.Python.3.13_qbz5n2kfra8p0\LocalCache\local-packages\Python313\site-packages\docx\opc\phys_pkg.py", line 141, in __init__
    self._zipf = ZipFile(pkg_file, 'w', compression=ZIP_DEFLATED)
                 ~~~~~~~^^^^^^^^^^^^^^^^^^^^^^^^^^^^^^^^^^^^^^^^^
  File "C:\Program Files\WindowsApps\PythonSoftwareFoundation.Python.3.13_3.13.1008.0_x64__qbz5n2kfra8p0\Lib\zipfile\__init__.py", line 1367, in __init__
    self.fp = io.open(file, filemode)
              ~~~~~~~^^^^^^^^^^^^^^^^
PermissionError: [Errno 13] Permission denied: 'C:\\Users\\HP\\OneDrive\\Desktop\\Movies.docx'

2025-04-19 10:55:56,346 - EnhancedWordHandler - INFO - Document closed
2025-04-19 10:55:56,377 - EnhancedWordHandler - INFO - Document opened: C:\Users\HP\OneDrive\Desktop\Movies.docx
2025-04-19 10:55:56,377 - EnhancedWordHandler - INFO - Movie table found at index 2
2025-04-19 10:55:56,378 - EnhancedWordHandler - INFO - Series table found at index 1
2025-04-19 10:56:38,796 - EnhancedWordHandler - INFO - Document closed
2025-04-19 10:56:38,867 - EnhancedWordHandler - INFO - Document opened: C:\Users\HP\OneDrive\Desktop\Movies.docx
2025-04-19 10:56:38,869 - EnhancedWordHandler - INFO - Movie table found at index 2
2025-04-19 10:56:38,871 - EnhancedWordHandler - INFO - Series table found at index 1
2025-04-19 10:57:00,566 - EnhancedWordHandler - ERROR - Exception occurred: NameError: name 'MOVIE_COLUMNS' is not defined
2025-04-19 10:57:00,572 - EnhancedWordHandler - ERROR - Traceback (most recent call last):
  File "C:\Users\HP\OneDrive\Desktop\hotkeys\redesigned_ui\word_handler_example.py", line 120, in update_cell_example
    col_idx=MOVIE_COLUMNS["RATE"],
            ^^^^^^^^^^^^^
NameError: name 'MOVIE_COLUMNS' is not defined

2025-04-19 10:57:00,574 - EnhancedWordHandler - INFO - Document closed
2025-04-19 10:57:54,933 - EnhancedWordHandler - INFO - Document opened: C:\Users\HP\OneDrive\Desktop\Movies.docx
2025-04-19 10:57:54,934 - EnhancedWordHandler - INFO - Movie table found at index 2
2025-04-19 10:57:54,935 - EnhancedWordHandler - INFO - Series table found at index 1
2025-04-19 10:57:54,956 - EnhancedWordHandler - ERROR - Error adding movie: tuple index out of range
2025-04-19 10:57:54,959 - EnhancedWordHandler - ERROR - Traceback (most recent call last):
  File "C:\Users\HP\OneDrive\Desktop\hotkeys\redesigned_ui\enhanced_word_handler.py", line 309, in add_movie
    self._set_cell_value(row.cells[MOVIE_COLUMNS["NO"]], str(next_num), align=WD_ALIGN_PARAGRAPH.CENTER)
                         ~~~~~~~~~^^^^^^^^^^^^^^^^^^^^^
IndexError: tuple index out of range

2025-04-19 10:57:57,409 - EnhancedWordHandler - INFO - Document closed
2025-04-19 10:58:01,143 - EnhancedWordHandler - INFO - Document opened: C:\Users\HP\OneDrive\Desktop\Movies.docx
2025-04-19 10:58:01,144 - EnhancedWordHandler - INFO - Movie table found at index 2
2025-04-19 10:58:01,146 - EnhancedWordHandler - INFO - Series table found at index 1
2025-04-19 10:58:01,194 - EnhancedWordHandler - ERROR - Error adding movie: tuple index out of range
2025-04-19 10:58:01,198 - EnhancedWordHandler - ERROR - Traceback (most recent call last):
  File "C:\Users\HP\OneDrive\Desktop\hotkeys\redesigned_ui\enhanced_word_handler.py", line 309, in add_movie
    self._set_cell_value(row.cells[MOVIE_COLUMNS["NO"]], str(next_num), align=WD_ALIGN_PARAGRAPH.CENTER)
                         ~~~~~~~~~^^^^^^^^^^^^^^^^^^^^^
IndexError: tuple index out of range

2025-04-19 10:58:04,598 - EnhancedWordHandler - INFO - Document closed
2025-04-19 10:58:05,778 - EnhancedWordHandler - INFO - Document opened: C:\Users\HP\OneDrive\Desktop\Movies.docx
2025-04-19 10:58:05,779 - EnhancedWordHandler - INFO - Movie table found at index 2
2025-04-19 10:58:05,781 - EnhancedWordHandler - INFO - Series table found at index 1
2025-04-19 10:58:05,837 - EnhancedWordHandler - ERROR - Error adding movie: tuple index out of range
2025-04-19 10:58:05,840 - EnhancedWordHandler - ERROR - Traceback (most recent call last):
  File "C:\Users\HP\OneDrive\Desktop\hotkeys\redesigned_ui\enhanced_word_handler.py", line 309, in add_movie
    self._set_cell_value(row.cells[MOVIE_COLUMNS["NO"]], str(next_num), align=WD_ALIGN_PARAGRAPH.CENTER)
                         ~~~~~~~~~^^^^^^^^^^^^^^^^^^^^^
IndexError: tuple index out of range

2025-04-19 10:58:08,192 - EnhancedWordHandler - INFO - Document closed
2025-04-19 11:00:13,429 - EnhancedWordHandler - INFO - Document opened: C:\Users\HP\OneDrive\Desktop\Movies.docx
2025-04-19 11:00:13,429 - EnhancedWordHandler - INFO - Movie table found at index 2
2025-04-19 11:00:13,429 - EnhancedWordHandler - INFO - Series table found at index 1
2025-04-19 11:00:13,597 - EnhancedWordHandler - INFO - Added movie: Rush Hour
2025-04-19 11:00:16,754 - EnhancedWordHandler - INFO - Backup created at: C:\Users\HP\OneDrive\Desktop\Movies_backup_20250419_110016.docx
2025-04-19 11:00:16,757 - EnhancedWordHandler - ERROR - Error saving document: [Errno 13] Permission denied: 'C:\\Users\\HP\\OneDrive\\Desktop\\Movies.docx'
2025-04-19 11:00:16,773 - EnhancedWordHandler - ERROR - Traceback (most recent call last):
  File "C:\Users\HP\OneDrive\Desktop\hotkeys\redesigned_ui\enhanced_word_handler.py", line 143, in save_document
    self.document.save(self.doc_path)
    ~~~~~~~~~~~~~~~~~~^^^^^^^^^^^^^^^
  File "C:\Users\HP\AppData\Local\Packages\PythonSoftwareFoundation.Python.3.13_qbz5n2kfra8p0\LocalCache\local-packages\Python313\site-packages\docx\document.py", line 135, in save
    self._part.save(path_or_stream)
    ~~~~~~~~~~~~~~~^^^^^^^^^^^^^^^^
  File "C:\Users\HP\AppData\Local\Packages\PythonSoftwareFoundation.Python.3.13_qbz5n2kfra8p0\LocalCache\local-packages\Python313\site-packages\docx\parts\document.py", line 111, in save
    self.package.save(path_or_stream)
    ~~~~~~~~~~~~~~~~~^^^^^^^^^^^^^^^^
  File "C:\Users\HP\AppData\Local\Packages\PythonSoftwareFoundation.Python.3.13_qbz5n2kfra8p0\LocalCache\local-packages\Python313\site-packages\docx\opc\package.py", line 172, in save
    PackageWriter.write(pkg_file, self.rels, self.parts)
    ~~~~~~~~~~~~~~~~~~~^^^^^^^^^^^^^^^^^^^^^^^^^^^^^^^^^
  File "C:\Users\HP\AppData\Local\Packages\PythonSoftwareFoundation.Python.3.13_qbz5n2kfra8p0\LocalCache\local-packages\Python313\site-packages\docx\opc\pkgwriter.py", line 32, in write
    phys_writer = PhysPkgWriter(pkg_file)
  File "C:\Users\HP\AppData\Local\Packages\PythonSoftwareFoundation.Python.3.13_qbz5n2kfra8p0\LocalCache\local-packages\Python313\site-packages\docx\opc\phys_pkg.py", line 141, in __init__
    self._zipf = ZipFile(pkg_file, 'w', compression=ZIP_DEFLATED)
                 ~~~~~~~^^^^^^^^^^^^^^^^^^^^^^^^^^^^^^^^^^^^^^^^^
  File "C:\Program Files\WindowsApps\PythonSoftwareFoundation.Python.3.13_3.13.1008.0_x64__qbz5n2kfra8p0\Lib\zipfile\__init__.py", line 1367, in __init__
    self.fp = io.open(file, filemode)
              ~~~~~~~^^^^^^^^^^^^^^^^
PermissionError: [Errno 13] Permission denied: 'C:\\Users\\HP\\OneDrive\\Desktop\\Movies.docx'

2025-04-19 11:00:16,775 - EnhancedWordHandler - INFO - Document closed
